InnoDB: using atomic writes.
2020-10-27 17:43:03 0 [Note] InnoDB: Mutexes and rw_locks use Windows interlocked functions
2020-10-27 17:43:03 0 [Note] InnoDB: Uses event mutexes
2020-10-27 17:43:03 0 [Note] InnoDB: Compressed tables use zlib 1.2.11
2020-10-27 17:43:03 0 [Note] InnoDB: Number of pools: 1
2020-10-27 17:43:03 0 [Note] InnoDB: Using SSE2 crc32 instructions
2020-10-27 17:43:03 0 [Note] InnoDB: Initializing buffer pool, total size = 16M, instances = 1, chunk size = 16M
2020-10-27 17:43:03 0 [Note] InnoDB: Completed initialization of buffer pool
2020-10-27 17:43:03 0 [Note] InnoDB: Starting crash recovery from checkpoint LSN=300288
2020-10-27 17:43:04 0 [Note] InnoDB: 128 out of 128 rollback segments are active.
2020-10-27 17:43:04 0 [Note] InnoDB: Removed temporary tablespace data file: "ibtmp1"
2020-10-27 17:43:04 0 [Note] InnoDB: Creating shared tablespace for temporary tables
2020-10-27 17:43:04 0 [Note] InnoDB: Setting file 'C:\xampp\mysql\data\ibtmp1' size to 12 MB. Physically writing the file full; Please wait ...
2020-10-27 17:43:04 0 [Note] InnoDB: File 'C:\xampp\mysql\data\ibtmp1' size is now 12 MB.
2020-10-27 17:43:04 0 [Note] InnoDB: Waiting for purge to start
2020-10-27 17:43:04 0 [Note] InnoDB: 10.4.14 started; log sequence number 300297; transaction id 171
2020-10-27 17:43:04 0 [Note] InnoDB: Loading buffer pool(s) from C:\xampp\mysql\data\ib_buffer_pool
2020-10-27 17:43:04 0 [Note] Plugin 'FEEDBACK' is disabled.
2020-10-27 17:43:04 0 [Note] InnoDB: Buffer pool(s) load completed at 201027 17:43:04
2020-10-27 17:43:04 0 [Note] Server socket created on IP: '::'.
2020-11-15 20:20:51 0 [Note] mysqld.exe: Aria engine: starting recovery
recovered pages: 0% 10% 28% 44% 71% 81% 100% (0.0 seconds); tables to flush: 1 0
 (0.0 seconds); 
2020-11-15 20:20:51 0 [Note] mysqld.exe: Aria engine: recovery done
InnoDB: using atomic writes.
2020-11-15 20:20:51 0 [Note] InnoDB: Mutexes and rw_locks use Windows interlocked functions
2020-11-15 20:20:51 0 [Note] InnoDB: Uses event mutexes
2020-11-15 20:20:51 0 [Note] InnoDB: Compressed tables use zlib 1.2.11
2020-11-15 20:20:51 0 [Note] InnoDB: Number of pools: 1
2020-11-15 20:20:51 0 [Note] InnoDB: Using SSE2 crc32 instructions
2020-11-15 20:20:51 0 [Note] InnoDB: Initializing buffer pool, total size = 16M, instances = 1, chunk size = 16M
2020-11-15 20:20:51 0 [Note] InnoDB: Completed initialization of buffer pool
2020-11-15 20:20:51 0 [Note] InnoDB: Starting crash recovery from checkpoint LSN=311377
2020-11-15 20:20:51 0 [Note] InnoDB: 128 out of 128 rollback segments are active.
2020-11-15 20:20:51 0 [Note] InnoDB: Removed temporary tablespace data file: "ibtmp1"
2020-11-15 20:20:51 0 [Note] InnoDB: Creating shared tablespace for temporary tables
2020-11-15 20:20:51 0 [Note] InnoDB: Setting file 'C:\xampp\mysql\data\ibtmp1' size to 12 MB. Physically writing the file full; Please wait ...
2020-11-15 20:20:51 0 [Note] InnoDB: File 'C:\xampp\mysql\data\ibtmp1' size is now 12 MB.
2020-11-15 20:20:51 0 [Note] InnoDB: Waiting for purge to start
2020-11-15 20:20:51 0 [Note] InnoDB: 10.4.14 started; log sequence number 311386; transaction id 228
2020-11-15 20:20:51 0 [Note] InnoDB: Loading buffer pool(s) from C:\xampp\mysql\data\ib_buffer_pool
2020-11-15 20:20:51 0 [Note] Plugin 'FEEDBACK' is disabled.
2020-11-15 20:20:51 0 [Note] Server socket created on IP: '::'.
2020-11-15 20:20:51 0 [Note] InnoDB: Buffer pool(s) load completed at 201115 20:20:51
InnoDB: using atomic writes.
2020-11-16 10:11:45 0 [Note] InnoDB: Mutexes and rw_locks use Windows interlocked functions
2020-11-16 10:11:45 0 [Note] InnoDB: Uses event mutexes
2020-11-16 10:11:45 0 [Note] InnoDB: Compressed tables use zlib 1.2.11
2020-11-16 10:11:45 0 [Note] InnoDB: Number of pools: 1
2020-11-16 10:11:45 0 [Note] InnoDB: Using SSE2 crc32 instructions
2020-11-16 10:11:45 0 [Note] InnoDB: Initializing buffer pool, total size = 16M, instances = 1, chunk size = 16M
2020-11-16 10:11:45 0 [Note] InnoDB: Completed initialization of buffer pool
2020-11-16 10:11:45 0 [Note] InnoDB: Starting crash recovery from checkpoint LSN=463298
2020-11-16 10:11:45 0 [Note] InnoDB: 128 out of 128 rollback segments are active.
2020-11-16 10:11:45 0 [Note] InnoDB: Removed temporary tablespace data file: "ibtmp1"
2020-11-16 10:11:45 0 [Note] InnoDB: Creating shared tablespace for temporary tables
2020-11-16 10:11:45 0 [Note] InnoDB: Setting file 'C:\xampp\mysql\data\ibtmp1' size to 12 MB. Physically writing the file full; Please wait ...
2020-11-16 10:11:45 0 [Note] InnoDB: File 'C:\xampp\mysql\data\ibtmp1' size is now 12 MB.
2020-11-16 10:11:45 0 [Note] InnoDB: Waiting for purge to start
2020-11-16 10:11:45 0 [Note] InnoDB: 10.4.14 started; log sequence number 463307; transaction id 370
2020-11-16 10:11:45 0 [Note] InnoDB: Loading buffer pool(s) from C:\xampp\mysql\data\ib_buffer_pool
2020-11-16 10:11:45 0 [Note] Plugin 'FEEDBACK' is disabled.
2020-11-16 10:11:45 0 [Note] InnoDB: Buffer pool(s) load completed at 201116 10:11:45
2020-11-16 10:11:45 0 [Note] Server socket created on IP: '::'.
InnoDB: using atomic writes.
2020-11-24 11:52:30 0 [Note] InnoDB: Mutexes and rw_locks use Windows interlocked functions
2020-11-24 11:52:30 0 [Note] InnoDB: Uses event mutexes
2020-11-24 11:52:30 0 [Note] InnoDB: Compressed tables use zlib 1.2.11
2020-11-24 11:52:30 0 [Note] InnoDB: Number of pools: 1
2020-11-24 11:52:30 0 [Note] InnoDB: Using SSE2 crc32 instructions
2020-11-24 11:52:30 0 [Note] InnoDB: Initializing buffer pool, total size = 16M, instances = 1, chunk size = 16M
2020-11-24 11:52:30 0 [Note] InnoDB: Completed initialization of buffer pool
2020-11-24 11:52:30 0 [Note] InnoDB: Starting crash recovery from checkpoint LSN=548367
2020-11-24 11:52:30 0 [Note] InnoDB: 128 out of 128 rollback segments are active.
2020-11-24 11:52:30 0 [Note] InnoDB: Removed temporary tablespace data file: "ibtmp1"
2020-11-24 11:52:30 0 [Note] InnoDB: Creating shared tablespace for temporary tables
2020-11-24 11:52:30 0 [Note] InnoDB: Setting file 'C:\xampp\mysql\data\ibtmp1' size to 12 MB. Physically writing the file full; Please wait ...
2020-11-24 11:52:30 0 [Note] InnoDB: File 'C:\xampp\mysql\data\ibtmp1' size is now 12 MB.
2020-11-24 11:52:30 0 [Note] InnoDB: Waiting for purge to start
2020-11-24 11:52:30 0 [Note] InnoDB: 10.4.14 started; log sequence number 548376; transaction id 570
2020-11-24 11:52:30 0 [Note] InnoDB: Loading buffer pool(s) from C:\xampp\mysql\data\ib_buffer_pool
2020-11-24 11:52:30 0 [Note] Plugin 'FEEDBACK' is disabled.
2020-11-24 11:52:30 0 [Note] InnoDB: Buffer pool(s) load completed at 201124 11:52:30
2020-11-24 11:52:30 0 [Note] Server socket created on IP: '::'.
InnoDB: using atomic writes.
2020-11-24 11:52:57 0 [Note] InnoDB: Mutexes and rw_locks use Windows interlocked functions
2020-11-24 11:52:57 0 [Note] InnoDB: Uses event mutexes
2020-11-24 11:52:57 0 [Note] InnoDB: Compressed tables use zlib 1.2.11
2020-11-24 11:52:57 0 [Note] InnoDB: Number of pools: 1
2020-11-24 11:52:57 0 [Note] InnoDB: Using SSE2 crc32 instructions
2020-11-24 11:52:57 0 [Note] InnoDB: Initializing buffer pool, total size = 16M, instances = 1, chunk size = 16M
2020-11-24 11:52:57 0 [Note] InnoDB: Completed initialization of buffer pool
2020-11-24 11:52:57 0 [Note] InnoDB: Starting crash recovery from checkpoint LSN=549124
2020-11-24 11:52:58 0 [Note] InnoDB: 128 out of 128 rollback segments are active.
2020-11-24 11:52:58 0 [Note] InnoDB: Removed temporary tablespace data file: "ibtmp1"
2020-11-24 11:52:58 0 [Note] InnoDB: Creating shared tablespace for temporary tables
2020-11-24 11:52:58 0 [Note] InnoDB: Setting file 'C:\xampp\mysql\data\ibtmp1' size to 12 MB. Physically writing the file full; Please wait ...
2020-11-24 11:52:58 0 [Note] InnoDB: File 'C:\xampp\mysql\data\ibtmp1' size is now 12 MB.
2020-11-24 11:52:58 0 [Note] InnoDB: Waiting for purge to start
2020-11-24 11:52:58 0 [Note] InnoDB: 10.4.14 started; log sequence number 549133; transaction id 580
2020-11-24 11:52:58 0 [Note] InnoDB: Loading buffer pool(s) from C:\xampp\mysql\data\ib_buffer_pool
2020-11-24 11:52:58 0 [Note] Plugin 'FEEDBACK' is disabled.
2020-11-24 11:52:58 0 [Note] InnoDB: Buffer pool(s) load completed at 201124 11:52:58
2020-11-24 11:52:58 0 [Note] Server socket created on IP: '::'.
InnoDB: using atomic writes.
2020-11-24 17:40:40 0 [Note] InnoDB: Mutexes and rw_locks use Windows interlocked functions
2020-11-24 17:40:40 0 [Note] InnoDB: Uses event mutexes
2020-11-24 17:40:40 0 [Note] InnoDB: Compressed tables use zlib 1.2.11
2020-11-24 17:40:40 0 [Note] InnoDB: Number of pools: 1
2020-11-24 17:40:40 0 [Note] InnoDB: Using SSE2 crc32 instructions
2020-11-24 17:40:40 0 [Note] InnoDB: Initializing buffer pool, total size = 16M, instances = 1, chunk size = 16M
2020-11-24 17:40:40 0 [Note] InnoDB: Completed initialization of buffer pool
2020-11-24 17:40:40 0 [Note] InnoDB: Starting crash recovery from checkpoint LSN=651562
2020-11-24 17:40:40 0 [Note] InnoDB: 128 out of 128 rollback segments are active.
2020-11-24 17:40:40 0 [Note] InnoDB: Removed temporary tablespace data file: "ibtmp1"
2020-11-24 17:40:40 0 [Note] InnoDB: Creating shared tablespace for temporary tables
2020-11-24 17:40:40 0 [Note] InnoDB: Setting file 'C:\xampp\mysql\data\ibtmp1' size to 12 MB. Physically writing the file full; Please wait ...
2020-11-24 17:40:40 0 [Note] InnoDB: File 'C:\xampp\mysql\data\ibtmp1' size is now 12 MB.
2020-11-24 17:40:40 0 [Note] InnoDB: Waiting for purge to start
2020-11-24 17:40:40 0 [Note] InnoDB: 10.4.14 started; log sequence number 651571; transaction id 769
2020-11-24 17:40:40 0 [Note] InnoDB: Loading buffer pool(s) from C:\xampp\mysql\data\ib_buffer_pool
2020-11-24 17:40:40 0 [Note] Plugin 'FEEDBACK' is disabled.
2020-11-24 17:40:40 0 [Note] Server socket created on IP: '::'.
InnoDB: using atomic writes.
2020-11-25 12:40:08 0 [Note] InnoDB: Mutexes and rw_locks use Windows interlocked functions
2020-11-25 12:40:08 0 [Note] InnoDB: Uses event mutexes
2020-11-25 12:40:08 0 [Note] InnoDB: Compressed tables use zlib 1.2.11
2020-11-25 12:40:08 0 [Note] InnoDB: Number of pools: 1
2020-11-25 12:40:08 0 [Note] InnoDB: Using SSE2 crc32 instructions
2020-11-25 12:40:08 0 [Note] InnoDB: Initializing buffer pool, total size = 16M, instances = 1, chunk size = 16M
2020-11-25 12:40:08 0 [Note] InnoDB: Completed initialization of buffer pool
2020-11-25 12:40:08 0 [Note] InnoDB: Starting crash recovery from checkpoint LSN=651580
2020-11-25 12:40:09 0 [Note] InnoDB: 128 out of 128 rollback segments are active.
2020-11-25 12:40:09 0 [Note] InnoDB: Removed temporary tablespace data file: "ibtmp1"
2020-11-25 12:40:09 0 [Note] InnoDB: Creating shared tablespace for temporary tables
2020-11-25 12:40:09 0 [Note] InnoDB: Setting file 'C:\xampp\mysql\data\ibtmp1' size to 12 MB. Physically writing the file full; Please wait ...
2020-11-25 12:40:09 0 [Note] InnoDB: File 'C:\xampp\mysql\data\ibtmp1' size is now 12 MB.
2020-11-25 12:40:09 0 [Note] InnoDB: Waiting for purge to start
2020-11-25 12:40:09 0 [Note] InnoDB: 10.4.14 started; log sequence number 651589; transaction id 769
2020-11-25 12:40:09 0 [Note] InnoDB: Loading buffer pool(s) from C:\xampp\mysql\data\ib_buffer_pool
2020-11-25 12:40:09 0 [Note] Plugin 'FEEDBACK' is disabled.
2020-11-25 12:40:09 0 [Note] Server socket created on IP: '::'.
